<?xml version="1.0" encoding="UTF-8"?>
<!-- Generated by org.testng.reporters.JUnitReportReporter -->
<testsuite hostname="DESKTOP-MH6572B" failures="0" tests="4" name="com.qa.tests.DemoTest1" time="0.019" errors="0" timestamp="27 Aug 2020 19:28:02 GMT">
  <testcase classname="com.qa.tests.DemoTest1" name="mul" time="0.002"/>
  <testcase classname="com.qa.tests.DemoTest1" name="div" time="0.004"/>
  <testcase classname="com.qa.tests.DemoTest1" name="sum" time="0.004"/>
  <testcase classname="com.qa.tests.DemoTest1" name="sub" time="0.009"/>
</testsuite> <!-- com.qa.tests.DemoTest1 -->
