<?xml version="1.0" encoding="UTF-8"?>
<!-- Generated by org.testng.reporters.JUnitReportReporter -->
<testsuite hostname="DESKTOP-MH6572B" failures="0" tests="4" name="com.qa.tests.DemoTest" time="0.028" errors="0" timestamp="27 Aug 2020 19:28:02 GMT">
  <testcase classname="com.qa.tests.DemoTest" name="mul" time="0.003"/>
  <testcase classname="com.qa.tests.DemoTest" name="div" time="0.016"/>
  <testcase classname="com.qa.tests.DemoTest" name="sum" time="0.006"/>
  <testcase classname="com.qa.tests.DemoTest" name="sub" time="0.003"/>
</testsuite> <!-- com.qa.tests.DemoTest -->
