<?xml version="1.0" encoding="UTF-8"?>
<!-- Generated by org.testng.reporters.JUnitReportReporter -->
<testsuite hostname="harsh-PC" failures="0" tests="4" name="com.qa.tests.DemoTest" time="0.046" errors="0" timestamp="1 Oct 2020 08:53:44 GMT">
  <testcase classname="com.qa.tests.DemoTest" name="sum" time="0.001"/>
  <testcase classname="com.qa.tests.DemoTest" name="mul" time="0.000"/>
  <testcase classname="com.qa.tests.DemoTest" name="div" time="0.045"/>
  <testcase classname="com.qa.tests.DemoTest" name="sub" time="0.000"/>
</testsuite> <!-- com.qa.tests.DemoTest -->
