<?xml version="1.0" encoding="UTF-8"?>
<!-- Generated by org.testng.reporters.JUnitReportReporter -->
<testsuite hostname="harsh-PC" failures="0" tests="4" name="com.qa.tests.DemoTest2" time="0.003" errors="0" timestamp="1 Oct 2020 08:53:44 GMT">
  <testcase classname="com.qa.tests.DemoTest2" name="mul" time="0.002"/>
  <testcase classname="com.qa.tests.DemoTest2" name="sub" time="0.000"/>
  <testcase classname="com.qa.tests.DemoTest2" name="sum" time="0.000"/>
  <testcase classname="com.qa.tests.DemoTest2" name="div" time="0.001"/>
</testsuite> <!-- com.qa.tests.DemoTest2 -->
